2024-05-03 15:38:04,400 - pyswarms.single.global_best - INFO - Optimize for 60 iters with {'c1': 0.20255337412386598, 'c2': 0.034812002156869526, 'w': 0.8707709059066462}
2024-05-03 18:07:55,978 - pyswarms.single.global_best - INFO - Optimize for 60 iters with {'c1': 0.20255337412386598, 'c2': 0.034812002156869526, 'w': 0.8707709059066462}
2024-05-04 04:43:27,025 - pyswarms.single.global_best - INFO - Optimize for 60 iters with {'c1': 0.20255337412386598, 'c2': 0.034812002156869526, 'w': 0.8707709059066462}
2024-05-04 08:21:50,984 - pyswarms.single.global_best - INFO - Optimization finished | best cost: -3153632.0, best pos: [1.02189494 1.09550056 1.16135647 1.0955394  1.11119719 1.12751685
 1.18483831        nan 1.02952389 1.05653962 0.83209179 1.15652933
 0.9996363  1.13709314 0.9969151  1.08547558        nan 1.05720923
 0.99720405        nan        nan        nan        nan        nan
        nan        nan        nan 1.00848516 0.81188341 0.98034354
 1.05642333 1.03386121 1.09315073 0.92783896        nan 0.98495484
 0.99314162 0.95392745 1.13657373 1.07449668 0.94516832 1.13711757
 1.01698095        nan 0.95821618 1.01762261 0.87643048 0.99576186
 0.97363314 1.07449371 0.94638206 0.86978717        nan 0.91683535]
2024-05-04 14:00:06,857 - pyswarms.single.global_best - INFO - Optimize for 60 iters with {'c1': 0.20255337412386598, 'c2': 0.034812002156869526, 'w': 0.8707709059066462}
2024-05-04 17:28:34,278 - pyswarms.single.global_best - INFO - Optimization finished | best cost: -3155600.0, best pos: [1.17320383 0.96119209 1.10619077 1.08317357 1.17156551 1.05203894
 1.02125589        nan 1.15006466 0.84149373 0.91868223 0.90362885
 1.11104084 1.1718059  1.08613009 1.01437642        nan 1.0789905
 0.95166092        nan        nan        nan        nan        nan
        nan        nan        nan 0.83975135 0.80863242 1.15367489
 1.17833976 0.89067914 0.86335122 1.13978832        nan 0.82693804
 0.94575085 0.91733632 0.85205548 1.03597507 1.06022978 0.86235106
 0.8521657         nan 1.00067051 1.17961359 0.97214209 0.96462572
 1.05441342 0.83101966 1.05433686 0.90646647        nan 0.94324051]
2024-05-05 22:12:14,624 - pyswarms.single.global_best - INFO - Optimize for 50 iters with {'c1': 0.20255337412386598, 'c2': 0.034812002156869526, 'w': 0.8707709059066462}
2024-05-06 01:04:43,773 - pyswarms.single.global_best - INFO - Optimization finished | best cost: -3152093.0, best pos: [1.11300561 1.00503273 1.16996951 1.18177844 0.96094698 0.95472448
 1.03935235        nan 1.17635416 1.05119022 0.91597165 1.19515565
 1.10718113 1.04882524 1.15987907 0.93537409        nan 1.09889673
 1.14282521        nan        nan        nan        nan        nan
        nan        nan        nan 0.96330428 0.827041   1.1216425
 1.02919979 1.19017363 0.87085737 1.0708958         nan 0.87756184
 1.10330085 1.00047998 1.08954844 1.09844018 0.86569616 0.95738426
 1.04403944        nan 0.99582492 0.97086268 0.99184433 0.8397353
 0.8841342  1.10846217 1.0007989  1.02227637        nan 0.81265544]
2024-05-06 15:16:41,297 - pyswarms.single.global_best - INFO - Optimize for 50 iters with {'c1': 0.20255337412386598, 'c2': 0.034812002156869526, 'w': 0.8707709059066462}
2024-05-06 18:05:40,993 - pyswarms.single.global_best - INFO - Optimization finished | best cost: -3069205.0, best pos: [0.89699598 1.00525764 1.14966946 1.14681526 0.83552762 0.82392746
 1.18557786 0.79567891 1.10390919 0.92456812 0.85870769 1.10177421
 1.00626462 0.97904434 0.94578941 1.1313094  0.75514873 1.06777041
 0.98598648 0.32589314 0.19405925 0.20843808 0.29543497 0.24698025
 0.34624506 0.75012813 0.3428708  0.95389428 0.83427991 1.0054188
 0.86349357 1.16792433 0.88970185 0.97554222 0.7230572  0.81280593
 0.98997726 0.84218711 0.94370468 1.07568932 1.00785381 1.02087137
 1.15670326 0.73279569 0.97053706 1.10484562 0.96471951 1.12034991
 0.97417633 1.11030856 1.00956556 0.82123598 0.71080294 0.87327813]
2024-05-06 19:27:15,518 - pyswarms.single.global_best - INFO - Optimize for 50 iters with {'c1': 0.20255337412386598, 'c2': 0.034812002156869526, 'w': 0.8707709059066462}
2024-05-06 21:01:24,630 - pyswarms.single.global_best - INFO - Optimize for 50 iters with {'c1': 0.20255337412386598, 'c2': 0.034812002156869526, 'w': 0.8707709059066462}
2024-05-06 23:56:46,939 - pyswarms.single.global_best - INFO - Optimization finished | best cost: -3073561.0, best pos: [0.88024197 0.80535406 1.16407047 0.86569383 1.01518013 0.84984364
 1.1403763  0.72597735 1.14792264 1.19139236 1.10870896 0.91340836
 1.16914636 0.97110485 1.03136396 1.14914827 0.6547351  0.95875452
 1.12255419 0.30771181 0.20472886 0.10223104 0.18532157 0.19272951
 0.32078851 0.04515177 0.25458075 1.04147172 0.80362382 1.13300876
 1.05312846 0.81450346 1.09289336 0.83594211 0.44625427 0.99440464
 1.12399691 0.87663136 0.8356942  1.05266024 0.97181302 1.03389308
 1.18535528 0.68861478 0.82062068 0.91192878 1.13654219 0.90255069
 1.05940758 1.0402734  1.07889957 0.82352868 0.41318872 1.17656015]
2024-05-07 11:51:41,028 - pyswarms.single.global_best - INFO - Optimize for 50 iters with {'c1': 0.20255337412386598, 'c2': 0.034812002156869526, 'w': 0.8707709059066462}
2024-05-07 14:36:30,919 - pyswarms.single.global_best - INFO - Optimization finished | best cost: -3078229.0, best pos: [1.06765475 0.91265999 1.07137091 1.15914437 1.05806506 1.15194877
 1.03088515 0.6458609  1.19786685 1.05002704 0.98725617 1.14690666
 1.05866406 1.12565263 1.1376588  1.11109402 0.41951933 1.0437163
 0.93241255 0.35967275 0.23826229 0.19322409 0.20619249 0.17643328
 0.2616643  0.07094045 0.27417052 0.92548578 0.82061797 0.92981904
 1.05013606 1.12807897 0.92832151 1.04338857 0.46501657 0.89500742
 1.0803337  1.03145652 1.16889227 1.03122965 1.06554646 0.98894008
 1.01093559 0.39561265 0.97208264 0.86809796 0.92522327 0.98747139
 0.86138607 0.89091311 1.10863466 0.98340195 0.36777533 1.02244919]
2024-05-07 14:41:32,149 - pyswarms.single.global_best - INFO - Optimize for 60 iters with {'c1': 0.20255337412386598, 'c2': 0.034812002156869526, 'w': 0.8707709059066462}
2024-05-07 17:58:24,194 - pyswarms.single.global_best - INFO - Optimization finished | best cost: -3073373.0, best pos: [0.95642085 0.87000897 1.17036729 1.10172337 0.94565725 1.10657373
 1.03310256 0.74131763 1.18837117 0.95707171 1.16202864 1.030477
 0.91239222 1.00335877 1.06885485 1.11579233 0.65222863 1.01555911
 1.02607536 0.89657532 0.2258809  0.1174285  0.28340375 0.2110272
 0.32021093 0.69062018 0.29236659 0.87643765 0.81026335 1.12667529
 0.93175966 0.91877202 1.16531276 0.83526555 0.6724212  0.94065873
 0.99792608 1.01608765 0.85153466 0.960548   1.03050329 1.11684576
 1.00332684 0.64417814 1.03247874 0.88825776 0.88343504 1.02626227
 0.90219209 1.02938951 0.98004158 0.88208675 0.60624629 1.01152015]
2024-05-08 03:34:49,676 - pyswarms.single.global_best - INFO - Optimize for 10 iters with {'c1': 0.20255337412386598, 'c2': 0.034812002156869526, 'w': 0.8707709059066462}
