2024-05-17 16:34:55,697 - pyswarms.single.global_best - INFO - Optimize for 10 iters with {'c1': 0.20255337412386598, 'c2': 0.034812002156869526, 'w': 0.8707709059066462}
2024-05-17 16:35:52,036 - pyswarms.single.global_best - INFO - Optimize for 10 iters with {'c1': 0.20255337412386598, 'c2': 0.034812002156869526, 'w': 0.8707709059066462}
2024-05-17 16:41:58,478 - pyswarms.single.global_best - INFO - Optimize for 10 iters with {'c1': 0.20255337412386598, 'c2': 0.034812002156869526, 'w': 0.8707709059066462}
2024-05-17 17:21:20,966 - pyswarms.single.global_best - INFO - Optimize for 10 iters with {'c1': 0.20255337412386598, 'c2': 0.034812002156869526, 'w': 0.8707709059066462}
2024-05-17 17:25:00,970 - pyswarms.single.global_best - INFO - Optimize for 10 iters with {'c1': 0.20255337412386598, 'c2': 0.034812002156869526, 'w': 0.8707709059066462}
2024-05-20 15:57:12,400 - pyswarms.single.global_best - INFO - Optimize for 1 iters with {'c1': 0.20255337412386598, 'c2': 0.034812002156869526, 'w': 0.8707709059066462}
2024-05-20 15:58:21,094 - pyswarms.single.global_best - INFO - Optimize for 1 iters with {'c1': 0.20255337412386598, 'c2': 0.034812002156869526, 'w': 0.8707709059066462}
2024-05-20 16:01:29,276 - pyswarms.single.global_best - INFO - Optimize for 1 iters with {'c1': 0.20255337412386598, 'c2': 0.034812002156869526, 'w': 0.8707709059066462}
2024-05-20 16:15:17,659 - pyswarms.single.global_best - INFO - Optimize for 1 iters with {'c1': 0.20255337412386598, 'c2': 0.034812002156869526, 'w': 0.8707709059066462}
2024-05-20 16:15:30,115 - pyswarms.single.global_best - INFO - Optimize for 1 iters with {'c1': 0.20255337412386598, 'c2': 0.034812002156869526, 'w': 0.8707709059066462}
2024-05-20 16:16:39,422 - pyswarms.single.global_best - INFO - Optimize for 1 iters with {'c1': 0.20255337412386598, 'c2': 0.034812002156869526, 'w': 0.8707709059066462}
2024-05-20 16:16:58,589 - pyswarms.single.global_best - INFO - Optimize for 1 iters with {'c1': 0.20255337412386598, 'c2': 0.034812002156869526, 'w': 0.8707709059066462}
2024-05-20 16:17:57,488 - pyswarms.single.global_best - INFO - Optimize for 1 iters with {'c1': 0.20255337412386598, 'c2': 0.034812002156869526, 'w': 0.8707709059066462}
2024-05-20 16:19:20,648 - pyswarms.single.global_best - INFO - Optimize for 1 iters with {'c1': 0.20255337412386598, 'c2': 0.034812002156869526, 'w': 0.8707709059066462}
2024-05-20 16:19:39,722 - pyswarms.single.global_best - INFO - Optimize for 1 iters with {'c1': 0.20255337412386598, 'c2': 0.034812002156869526, 'w': 0.8707709059066462}
2024-05-20 16:22:01,993 - pyswarms.single.global_best - INFO - Optimize for 1 iters with {'c1': 0.20255337412386598, 'c2': 0.034812002156869526, 'w': 0.8707709059066462}
2024-05-20 16:27:48,931 - pyswarms.single.global_best - INFO - Optimize for 1 iters with {'c1': 0.20255337412386598, 'c2': 0.034812002156869526, 'w': 0.8707709059066462}
2024-05-20 17:17:16,403 - pyswarms.single.global_best - INFO - Optimize for 1 iters with {'c1': 0.20255337412386598, 'c2': 0.034812002156869526, 'w': 0.8707709059066462}
2024-05-20 18:03:21,585 - pyswarms.single.global_best - INFO - Optimize for 1 iters with {'c1': 0.20255337412386598, 'c2': 0.034812002156869526, 'w': 0.8707709059066462}
2024-05-20 18:37:45,899 - pyswarms.single.global_best - INFO - Optimize for 1 iters with {'c1': 0.20255337412386598, 'c2': 0.034812002156869526, 'w': 0.8707709059066462}
2024-05-20 18:37:56,185 - pyswarms.single.global_best - INFO - Optimize for 1 iters with {'c1': 0.20255337412386598, 'c2': 0.034812002156869526, 'w': 0.8707709059066462}
2024-05-20 18:42:17,217 - pyswarms.single.global_best - INFO - Optimize for 1 iters with {'c1': 0.20255337412386598, 'c2': 0.034812002156869526, 'w': 0.8707709059066462}
2024-05-20 18:43:06,836 - pyswarms.single.global_best - INFO - Optimize for 1 iters with {'c1': 0.20255337412386598, 'c2': 0.034812002156869526, 'w': 0.8707709059066462}
2024-05-20 18:43:20,055 - pyswarms.single.global_best - INFO - Optimize for 1 iters with {'c1': 0.20255337412386598, 'c2': 0.034812002156869526, 'w': 0.8707709059066462}
2024-05-20 18:43:52,804 - pyswarms.single.global_best - INFO - Optimization finished | best cost: -393855.0, best pos: [1. 1. 1. 1. 1. 1. 1. 1. 1. 1. 1. 1. 1. 1. 1. 1. 1. 1.]
2024-05-20 19:27:43,681 - pyswarms.single.global_best - INFO - Optimize for 1 iters with {'c1': 0.20255337412386598, 'c2': 0.034812002156869526, 'w': 0.8707709059066462}
2024-05-20 19:28:16,541 - pyswarms.single.global_best - INFO - Optimization finished | best cost: -393855.0, best pos: [1. 1. 1. 1. 1. 1. 1. 1. 1. 1. 1. 1. 1. 1. 1. 1. 1. 1.]
2024-05-27 17:26:52,001 - pyswarms.single.global_best - INFO - Optimize for 150 iters with {'c1': 0.20255337412386598, 'c2': 0.034812002156869526, 'w': 0.8707709059066462}
2024-05-27 17:47:11,107 - pyswarms.single.global_best - INFO - Optimize for 150 iters with {'c1': 0.20255337412386598, 'c2': 0.034812002156869526, 'w': 0.8707709059066462}
2024-05-27 18:45:21,311 - pyswarms.single.global_best - INFO - Optimization finished | best cost: -173273.0, best pos: [1.19034689 1.18778772 0.96945856 1.17741231 0.86772445 1.15899235
 1.1622195  0.77370262 1.1794044  0.86323564 0.87771232 0.99909025
 0.94900724 0.98270663 0.83267699 0.87201937 0.72700294 0.82343561]
2024-05-30 07:39:56,219 - pyswarms.single.global_best - INFO - Optimize for 150 iters with {'c1': 0.20255337412386598, 'c2': 0.034812002156869526, 'w': 0.8707709059066462}
2024-05-30 08:36:07,315 - pyswarms.single.global_best - INFO - Optimization finished | best cost: -223373.0, best pos: [0.98445748 1.01444717 1.17944298 1.16084536 1.14579676 1.10167109
 1.00465747 0.75029533 0.95870556 0.92526501 0.81198709 0.85333577
 1.05206711 0.9041985  0.91890635 0.83607571 0.7372353  0.88758919]
2024-05-31 20:04:44,537 - matplotlib.category - INFO - Using categorical units to plot a list of strings that are all parsable as floats or dates. If these strings should be plotted as numbers, cast to the appropriate data type before plotting.
2024-05-31 20:04:44,568 - matplotlib.category - INFO - Using categorical units to plot a list of strings that are all parsable as floats or dates. If these strings should be plotted as numbers, cast to the appropriate data type before plotting.
2024-05-31 20:04:44,749 - matplotlib.category - INFO - Using categorical units to plot a list of strings that are all parsable as floats or dates. If these strings should be plotted as numbers, cast to the appropriate data type before plotting.
2024-05-31 20:04:44,755 - matplotlib.category - INFO - Using categorical units to plot a list of strings that are all parsable as floats or dates. If these strings should be plotted as numbers, cast to the appropriate data type before plotting.
2024-05-31 20:08:37,558 - matplotlib.category - INFO - Using categorical units to plot a list of strings that are all parsable as floats or dates. If these strings should be plotted as numbers, cast to the appropriate data type before plotting.
2024-05-31 20:08:37,574 - matplotlib.category - INFO - Using categorical units to plot a list of strings that are all parsable as floats or dates. If these strings should be plotted as numbers, cast to the appropriate data type before plotting.
2024-05-31 20:08:37,610 - matplotlib.category - INFO - Using categorical units to plot a list of strings that are all parsable as floats or dates. If these strings should be plotted as numbers, cast to the appropriate data type before plotting.
2024-05-31 20:08:37,632 - matplotlib.category - INFO - Using categorical units to plot a list of strings that are all parsable as floats or dates. If these strings should be plotted as numbers, cast to the appropriate data type before plotting.
2024-05-31 20:12:10,506 - matplotlib.category - INFO - Using categorical units to plot a list of strings that are all parsable as floats or dates. If these strings should be plotted as numbers, cast to the appropriate data type before plotting.
2024-05-31 20:12:10,522 - matplotlib.category - INFO - Using categorical units to plot a list of strings that are all parsable as floats or dates. If these strings should be plotted as numbers, cast to the appropriate data type before plotting.
2024-05-31 20:12:10,563 - matplotlib.category - INFO - Using categorical units to plot a list of strings that are all parsable as floats or dates. If these strings should be plotted as numbers, cast to the appropriate data type before plotting.
2024-05-31 20:12:10,569 - matplotlib.category - INFO - Using categorical units to plot a list of strings that are all parsable as floats or dates. If these strings should be plotted as numbers, cast to the appropriate data type before plotting.
2024-05-31 20:16:36,094 - matplotlib.category - INFO - Using categorical units to plot a list of strings that are all parsable as floats or dates. If these strings should be plotted as numbers, cast to the appropriate data type before plotting.
2024-05-31 20:16:36,110 - matplotlib.category - INFO - Using categorical units to plot a list of strings that are all parsable as floats or dates. If these strings should be plotted as numbers, cast to the appropriate data type before plotting.
2024-05-31 20:16:36,146 - matplotlib.category - INFO - Using categorical units to plot a list of strings that are all parsable as floats or dates. If these strings should be plotted as numbers, cast to the appropriate data type before plotting.
2024-05-31 20:16:36,151 - matplotlib.category - INFO - Using categorical units to plot a list of strings that are all parsable as floats or dates. If these strings should be plotted as numbers, cast to the appropriate data type before plotting.
2024-05-31 20:16:37,486 - matplotlib.category - INFO - Using categorical units to plot a list of strings that are all parsable as floats or dates. If these strings should be plotted as numbers, cast to the appropriate data type before plotting.
2024-05-31 20:16:37,500 - matplotlib.category - INFO - Using categorical units to plot a list of strings that are all parsable as floats or dates. If these strings should be plotted as numbers, cast to the appropriate data type before plotting.
2024-05-31 20:16:37,538 - matplotlib.category - INFO - Using categorical units to plot a list of strings that are all parsable as floats or dates. If these strings should be plotted as numbers, cast to the appropriate data type before plotting.
2024-05-31 20:16:37,545 - matplotlib.category - INFO - Using categorical units to plot a list of strings that are all parsable as floats or dates. If these strings should be plotted as numbers, cast to the appropriate data type before plotting.
2024-06-04 18:18:08,919 - matplotlib.category - INFO - Using categorical units to plot a list of strings that are all parsable as floats or dates. If these strings should be plotted as numbers, cast to the appropriate data type before plotting.
2024-06-04 18:18:08,997 - matplotlib.category - INFO - Using categorical units to plot a list of strings that are all parsable as floats or dates. If these strings should be plotted as numbers, cast to the appropriate data type before plotting.
2024-06-04 18:18:09,046 - matplotlib.category - INFO - Using categorical units to plot a list of strings that are all parsable as floats or dates. If these strings should be plotted as numbers, cast to the appropriate data type before plotting.
2024-06-04 18:18:09,053 - matplotlib.category - INFO - Using categorical units to plot a list of strings that are all parsable as floats or dates. If these strings should be plotted as numbers, cast to the appropriate data type before plotting.
2024-06-05 14:30:02,779 - matplotlib.category - INFO - Using categorical units to plot a list of strings that are all parsable as floats or dates. If these strings should be plotted as numbers, cast to the appropriate data type before plotting.
2024-06-05 14:30:02,889 - matplotlib.category - INFO - Using categorical units to plot a list of strings that are all parsable as floats or dates. If these strings should be plotted as numbers, cast to the appropriate data type before plotting.
2024-06-05 14:30:03,008 - matplotlib.category - INFO - Using categorical units to plot a list of strings that are all parsable as floats or dates. If these strings should be plotted as numbers, cast to the appropriate data type before plotting.
2024-06-05 14:30:03,016 - matplotlib.category - INFO - Using categorical units to plot a list of strings that are all parsable as floats or dates. If these strings should be plotted as numbers, cast to the appropriate data type before plotting.
2024-06-05 14:30:03,708 - matplotlib.category - INFO - Using categorical units to plot a list of strings that are all parsable as floats or dates. If these strings should be plotted as numbers, cast to the appropriate data type before plotting.
2024-06-05 14:30:03,725 - matplotlib.category - INFO - Using categorical units to plot a list of strings that are all parsable as floats or dates. If these strings should be plotted as numbers, cast to the appropriate data type before plotting.
2024-06-05 14:30:03,769 - matplotlib.category - INFO - Using categorical units to plot a list of strings that are all parsable as floats or dates. If these strings should be plotted as numbers, cast to the appropriate data type before plotting.
2024-06-05 14:30:03,777 - matplotlib.category - INFO - Using categorical units to plot a list of strings that are all parsable as floats or dates. If these strings should be plotted as numbers, cast to the appropriate data type before plotting.
2024-06-05 14:46:34,610 - matplotlib.category - INFO - Using categorical units to plot a list of strings that are all parsable as floats or dates. If these strings should be plotted as numbers, cast to the appropriate data type before plotting.
2024-06-05 14:46:34,626 - matplotlib.category - INFO - Using categorical units to plot a list of strings that are all parsable as floats or dates. If these strings should be plotted as numbers, cast to the appropriate data type before plotting.
2024-06-05 14:46:34,684 - matplotlib.category - INFO - Using categorical units to plot a list of strings that are all parsable as floats or dates. If these strings should be plotted as numbers, cast to the appropriate data type before plotting.
2024-06-05 14:46:34,692 - matplotlib.category - INFO - Using categorical units to plot a list of strings that are all parsable as floats or dates. If these strings should be plotted as numbers, cast to the appropriate data type before plotting.
2024-06-05 14:46:35,215 - matplotlib.category - INFO - Using categorical units to plot a list of strings that are all parsable as floats or dates. If these strings should be plotted as numbers, cast to the appropriate data type before plotting.
2024-06-05 14:46:35,249 - matplotlib.category - INFO - Using categorical units to plot a list of strings that are all parsable as floats or dates. If these strings should be plotted as numbers, cast to the appropriate data type before plotting.
2024-06-05 14:46:35,361 - matplotlib.category - INFO - Using categorical units to plot a list of strings that are all parsable as floats or dates. If these strings should be plotted as numbers, cast to the appropriate data type before plotting.
2024-06-05 14:46:35,368 - matplotlib.category - INFO - Using categorical units to plot a list of strings that are all parsable as floats or dates. If these strings should be plotted as numbers, cast to the appropriate data type before plotting.
