2024-05-30 04:21:21,370 - pyswarms.single.global_best - INFO - Optimize for 150 iters with {'c1': 0.20255337412386598, 'c2': 0.034812002156869526, 'w': 0.8707709059066462}
2024-05-30 04:23:02,229 - pyswarms.single.global_best - INFO - Optimize for 150 iters with {'c1': 0.20255337412386598, 'c2': 0.034812002156869526, 'w': 0.8707709059066462}
2024-05-31 14:54:40,985 - pyswarms.single.global_best - INFO - Optimize for 150 iters with {'c1': 0.20255337412386598, 'c2': 0.034812002156869526, 'w': 0.8707709059066462}
2024-05-31 15:49:29,305 - pyswarms.single.global_best - INFO - Optimization finished | best cost: -74427.0, best pos: [1.18246065 1.19199712 0.99476969 1.09495717 1.12355436 1.140686
 1.10031006 1.08417896 1.06503651 0.82144417 0.81915372 0.94662288
 0.94571456 1.03632604 0.97396601 0.92132151 1.08244006 1.08285177]
2024-06-05 17:50:04,896 - pyswarms.single.global_best - INFO - Optimize for 100 iters with {'c1': 0.20255337412386598, 'c2': 0.034812002156869526, 'w': 0.8707709059066462}
2024-06-05 18:22:41,683 - pyswarms.single.global_best - INFO - Optimization finished | best cost: -74244.0, best pos: [1.09186619 1.19895329 1.01231286 0.99333763 1.08583283 1.10590752
 1.11409488 0.97991211 0.92132437 0.8876559  0.81223632 0.92416084
 1.09966995 0.94631492 1.13304006 0.85236591 0.95425785 0.89503096]
2024-06-05 21:22:19,690 - pyswarms.single.global_best - INFO - Optimize for 100 iters with {'c1': 0.20255337412386598, 'c2': 0.034812002156869526, 'w': 0.8707709059066462}
2024-06-05 21:25:19,423 - pyswarms.single.global_best - INFO - Optimize for 100 iters with {'c1': 0.20255337412386598, 'c2': 0.034812002156869526, 'w': 0.8707709059066462}
2024-06-05 22:04:41,349 - pyswarms.single.global_best - INFO - Optimization finished | best cost: -74266.0, best pos: [1.09338828 1.18395969 1.05334313 1.02594438 1.12732679 1.04239622
 1.10352795 0.87263049 0.9784061  0.90569958 0.80041765 0.95356884
 0.98778601 1.04671113 0.90394006 0.96959863 0.83741413 0.93418476]
2024-06-05 23:07:55,444 - pyswarms.single.global_best - INFO - Optimize for 100 iters with {'c1': 0.20255337412386598, 'c2': 0.034812002156869526, 'w': 0.8707709059066462}
2024-06-05 23:41:21,846 - pyswarms.single.global_best - INFO - Optimization finished | best cost: -74223.0, best pos: [1.08974884 1.17278282 1.16447336 0.99612597 0.96523939 1.09433
 0.94106549 0.8219945  1.07347479 1.010346   0.80417196 0.90755058
 1.01007038 0.89020331 0.93528074 0.95379918 0.83582027 0.8225032 ]
2024-06-06 04:36:16,084 - pyswarms.single.global_best - INFO - Optimize for 150 iters with {'c1': 0.20255337412386598, 'c2': 0.034812002156869526, 'w': 0.8707709059066462}
2024-06-06 05:25:39,441 - pyswarms.single.global_best - INFO - Optimization finished | best cost: -74267.0, best pos: [1.14297725 1.19989815 0.88129362 1.03999198 0.81696274 1.13250005
 1.1562398  0.81890046 1.0167733  0.87677977 0.80531611 1.14228102
 0.91285808 1.17791302 1.00531475 0.89465615 0.85498215 1.09090257]
