2024-05-22 15:18:27,880 - pyswarms.single.global_best - INFO - Optimize for 150 iters with {'c1': 0.20255337412386598, 'c2': 0.034812002156869526, 'w': 0.8707709059066462}
2024-05-28 17:13:14,617 - pyswarms.single.global_best - INFO - Optimize for 150 iters with {'c1': 0.20255337412386598, 'c2': 0.034812002156869526, 'w': 0.8707709059066462}
2024-05-28 18:01:56,076 - pyswarms.single.global_best - INFO - Optimization finished | best cost: -125381.0, best pos: [1.00775636 1.16411826 1.04153764 1.00761093 1.0760463  1.00539922
 0.99889287 1.17894014 1.10070536 0.90105821 0.81060751 1.02207703
 0.83769528 0.88337918 1.12750877 0.97450901 0.94637513 1.06898355]
2024-05-30 04:12:52,768 - pyswarms.single.global_best - INFO - Optimize for 150 iters with {'c1': 0.20255337412386598, 'c2': 0.034812002156869526, 'w': 0.8707709059066462}
2024-05-30 05:12:44,467 - pyswarms.single.global_best - INFO - Optimization finished | best cost: -186458.0, best pos: [1.03740217 1.17871747 1.03858947 0.97463644 0.89320427 0.99183466
 1.19290223 1.16560775 0.97216449 0.9718156  0.83268847 0.9755955
 0.92984799 0.94361582 0.97369051 0.87174294 0.83485806 0.94146169]
2024-05-30 17:18:39,658 - pyswarms.single.global_best - INFO - Optimize for 150 iters with {'c1': 0.20255337412386598, 'c2': 0.034812002156869526, 'w': 0.8707709059066462}
2024-05-30 18:24:03,689 - pyswarms.single.global_best - INFO - Optimization finished | best cost: -186663.0, best pos: [1.10604244 1.17435498 0.99132888 1.06265397 0.93100305 0.99880784
 1.00472441 1.14173807 1.16533059 0.90156166 0.8065192  0.93130104
 0.99716909 0.8939355  1.01285721 0.90661193 0.84931951 0.91367645]
2024-05-30 19:42:06,429 - pyswarms.single.global_best - INFO - Optimize for 50 iters with {'c1': 0.20255337412386598, 'c2': 0.034812002156869526, 'w': 0.8707709059066462}
2024-05-30 20:07:51,146 - pyswarms.single.global_best - INFO - Optimization finished | best cost: -186663.0, best pos: [1.10604244 1.17435498 0.99132888 1.06265397 0.93100305 0.99880784
 1.00472441 1.14173807 1.16533059 0.90156166 0.8065192  0.93130104
 0.99716909 0.8939355  1.01285721 0.90661193 0.84931951 0.91367645]
2024-05-31 14:52:51,258 - pyswarms.single.global_best - INFO - Optimize for 50 iters with {'c1': 0.20255337412386598, 'c2': 0.034812002156869526, 'w': 0.8707709059066462}
2024-05-31 15:20:12,725 - pyswarms.single.global_best - INFO - Optimization finished | best cost: -186663.0, best pos: [1.10604244 1.17435498 0.99132888 1.06265397 0.93100305 0.99880784
 1.00472441 1.14173807 1.16533059 0.90156166 0.8065192  0.93130104
 0.99716909 0.8939355  1.01285721 0.90661193 0.84931951 0.91367645]
2024-05-31 17:00:55,072 - pyswarms.single.global_best - INFO - Optimize for 150 iters with {'c1': 0.20255337412386598, 'c2': 0.034812002156869526, 'w': 0.8707709059066462}
2024-05-31 17:01:19,785 - pyswarms.single.global_best - INFO - Optimize for 150 iters with {'c1': 0.20255337412386598, 'c2': 0.034812002156869526, 'w': 0.8707709059066462}
2024-05-31 18:08:31,293 - pyswarms.single.global_best - INFO - Optimization finished | best cost: -188376.0, best pos: [1.03724284 1.19273149 0.99689831 1.06481771 0.87940902 1.17709263
 1.13707432 1.13346009 1.03806986 0.88298038 0.8410563  0.91545113
 0.94058982 1.0064623  1.03754644 1.04991841 0.80395811 0.94001881]
2024-06-05 15:59:01,833 - pyswarms.single.global_best - INFO - Optimize for 80 iters with {'c1': 0.20255337412386598, 'c2': 0.034812002156869526, 'w': 0.8707709059066462}
2024-06-05 16:37:47,373 - pyswarms.single.global_best - INFO - Optimization finished | best cost: -188115.0, best pos: [1.15169185 1.18961279 1.17418528 1.08084154 1.04636853 1.17776238
 1.11920374 0.93556335 1.1483171  0.92602081 0.86870702 1.00923863
 0.95638045 0.92746527 1.05209691 0.95535735 0.92660083 0.92073695]
2024-06-05 18:25:29,356 - pyswarms.single.global_best - INFO - Optimize for 80 iters with {'c1': 0.20255337412386598, 'c2': 0.034812002156869526, 'w': 0.8707709059066462}
2024-06-05 18:59:02,416 - pyswarms.single.global_best - INFO - Optimization finished | best cost: -187949.0, best pos: [0.92508317 1.19930298 1.11882484 0.90069546 1.00748756 1.12638646
 1.08075888 0.99107845 1.17756859 0.98432027 0.84208554 0.92421263
 0.9137907  1.02516542 0.94584602 0.96744174 0.94870455 0.85461533]
2024-06-05 21:21:42,377 - pyswarms.single.global_best - INFO - Optimize for 80 iters with {'c1': 0.20255337412386598, 'c2': 0.034812002156869526, 'w': 0.8707709059066462}
2024-06-05 21:25:08,167 - pyswarms.single.global_best - INFO - Optimize for 80 iters with {'c1': 0.20255337412386598, 'c2': 0.034812002156869526, 'w': 0.8707709059066462}
2024-06-05 22:07:01,189 - pyswarms.single.global_best - INFO - Optimization finished | best cost: -188273.0, best pos: [1.16076497 1.11534252 1.08563647 1.056804   1.16260141 1.13427324
 1.0148899  1.01709324 1.15537998 0.83768296 0.83482779 0.99036292
 0.81168204 0.979089   1.05885806 1.06353261 1.00598421 0.94693762]
2024-06-05 22:31:02,120 - pyswarms.single.global_best - INFO - Optimize for 80 iters with {'c1': 0.20255337412386598, 'c2': 0.034812002156869526, 'w': 0.8707709059066462}
2024-06-05 23:05:17,410 - pyswarms.single.global_best - INFO - Optimization finished | best cost: -188181.0, best pos: [1.01710652 1.13594262 1.05670305 1.0727414  0.9758586  1.18206212
 1.19364192 1.0832758  1.143865   1.04477613 0.80018658 0.96656042
 1.0406688  1.12982142 1.06664935 1.06489337 1.00523475 0.80619685]
2024-06-06 00:12:13,501 - pyswarms.single.global_best - INFO - Optimize for 20 iters with {'c1': 0.20255337412386598, 'c2': 0.034812002156869526, 'w': 0.8707709059066462}
2024-06-06 00:20:57,223 - pyswarms.single.global_best - INFO - Optimization finished | best cost: -187811.0, best pos: [0.86935505 1.1305197  1.0298324  0.98059267 1.08335487 0.98926262
 0.96482374 1.09007227 1.05252686 0.85453301 0.90190361 1.11220024
 0.89529845 0.91864952 0.86094718 0.80365561 1.00893749 0.81830303]
2024-06-06 00:23:52,679 - pyswarms.single.global_best - INFO - Optimize for 80 iters with {'c1': 0.20255337412386598, 'c2': 0.034812002156869526, 'w': 0.8707709059066462}
2024-06-06 00:58:11,075 - pyswarms.single.global_best - INFO - Optimization finished | best cost: -188244.0, best pos: [1.09906352 1.14648814 1.09700665 1.10141607 1.12720732 1.12921011
 1.181382   1.08670549 1.11783442 0.84928627 0.84904276 0.99709522
 0.81874767 1.04103816 1.00413172 1.07066299 1.03023463 1.0378815 ]
2024-06-06 03:44:34,755 - pyswarms.single.global_best - INFO - Optimize for 80 iters with {'c1': 0.20255337412386598, 'c2': 0.034812002156869526, 'w': 0.8707709059066462}
2024-06-06 04:18:31,850 - pyswarms.single.global_best - INFO - Optimization finished | best cost: -188157.0, best pos: [0.88001499 1.19384175 1.13030402 1.086309   1.1490502  1.01641111
 1.06901259 1.02897169 1.06841368 0.87841251 0.80829828 0.88937232
 1.03327843 0.99839793 0.83286377 1.0082363  1.01703935 0.91117481]
