2024-05-05 05:30:29,373 - pyswarms.single.global_best - INFO - Optimize for 150 iters with {'c1': 1, 'c2': 1, 'w': 0.5}
2024-05-05 06:02:54,648 - pyswarms.single.global_best - INFO - Optimization finished | best cost: -5106682.0, best pos: [0.80177442 0.998838   1.05659077 1.15033645 1.1985236  1.11319364
 1.14763978 1.10197872 1.10385424 0.98125553 0.96559033 0.99707274
 0.96594614 0.92266541 1.08689319 1.00326977 0.98245541 0.94516071]
2024-05-06 16:42:20,970 - pyswarms.single.global_best - INFO - Optimize for 150 iters with {'c1': 1, 'c2': 1, 'w': 0.5}
2024-05-06 17:14:56,497 - pyswarms.single.global_best - INFO - Optimization finished | best cost: -5105178.0, best pos: [0.80178134 1.07030948 1.0261647  1.16688738 1.02870733 0.94938506
 1.10437322 0.71144435 1.11801495 0.83210476 0.94923101 0.95802733
 0.94259227 1.08629594 1.07934293 0.91696943 0.50918899 0.84244982]
2024-05-08 04:56:13,623 - pyswarms.single.global_best - INFO - Optimize for 150 iters with {'c1': 1, 'c2': 1, 'w': 0.5}
2024-05-08 05:28:44,089 - pyswarms.single.global_best - INFO - Optimization finished | best cost: -3461135.0, best pos: [0.85881231 0.80171362 1.09921444 1.11803014 0.98573696 1.06841917
 0.99594816 0.67878532 1.13039432 0.92028782 1.1297376  0.93189264
 0.9918736  0.91997571 0.9920001  0.91527607 0.60451609 1.01800758]
2024-05-08 15:22:17,756 - pyswarms.single.global_best - INFO - Optimize for 150 iters with {'c1': 1, 'c2': 1, 'w': 0.5}
2024-05-13 17:38:33,954 - pyswarms.single.global_best - INFO - Optimize for 150 iters with {'c1': 1, 'c2': 1, 'w': 0.5}
2024-05-13 18:14:03,296 - pyswarms.single.global_best - INFO - Optimization finished | best cost: -3478228.0, best pos: [1.01028898 1.16635877 1.18334415 1.04288682 1.15220353 1.12087446
 1.18182101 0.59471899 1.05274998 1.0525358  0.91807341 0.93559137
 0.96344231 1.00367261 0.96411876 0.91045011 0.59538936 0.80174626]
2024-05-14 21:33:14,033 - pyswarms.single.global_best - INFO - Optimize for 150 iters with {'c1': 1, 'c2': 1, 'w': 0.5}
2024-05-14 22:04:50,212 - pyswarms.single.global_best - INFO - Optimization finished | best cost: -3483505.0, best pos: [0.88293566 1.15990973 1.19712723 1.11357866 1.11307312 1.12971949
 1.06236363 0.77328583 1.1240964  1.12734558 0.82351148 0.9528928
 0.8287275  0.95582256 1.07210761 1.01373605 0.72674034 0.80314827]
2024-05-17 15:47:27,034 - pyswarms.single.global_best - INFO - Optimize for 150 iters with {'c1': 1, 'c2': 1, 'w': 0.5}
2024-05-17 15:53:41,732 - pyswarms.single.global_best - INFO - Optimize for 150 iters with {'c1': 1, 'c2': 1, 'w': 0.5}
2024-05-17 16:28:33,686 - pyswarms.single.global_best - INFO - Optimize for 10 iters with {'c1': 1, 'c2': 1, 'w': 0.5}
2024-05-17 16:53:32,546 - pyswarms.single.global_best - INFO - Optimize for 10 iters with {'c1': 1, 'c2': 1, 'w': 0.5}
2024-05-17 16:55:32,327 - pyswarms.single.global_best - INFO - Optimization finished | best cost: -3274333.0, best pos: [1.   1.   1.   1.   1.   1.   1.   0.75 1.   1.   1.   1.   1.   1.
 1.   1.   0.75 1.  ]
2024-05-17 17:05:23,852 - pyswarms.single.global_best - INFO - Optimize for 10 iters with {'c1': 1, 'c2': 1, 'w': 0.5}
2024-05-17 17:12:59,623 - pyswarms.single.global_best - INFO - Optimize for 10 iters with {'c1': 1, 'c2': 1, 'w': 0.5}
2024-05-17 17:14:13,752 - pyswarms.single.global_best - INFO - Optimize for 10 iters with {'c1': 1, 'c2': 1, 'w': 0.5}
2024-05-17 17:17:56,731 - pyswarms.single.global_best - INFO - Optimize for 10 iters with {'c1': 1, 'c2': 1, 'w': 0.5}
2024-05-17 21:15:59,657 - pyswarms.single.global_best - INFO - Optimize for 10 iters with {'c1': 1, 'c2': 1, 'w': 0.5}
2024-05-17 21:18:27,619 - pyswarms.single.global_best - INFO - Optimize for 10 iters with {'c1': 1, 'c2': 1, 'w': 0.5}
2024-05-17 21:20:26,701 - pyswarms.single.global_best - INFO - Optimization finished | best cost: -3274333.0, best pos: [1.   1.   1.   1.   1.   1.   1.   0.75 1.   1.   1.   1.   1.   1.
 1.   1.   0.75 1.  ]
2024-05-17 21:27:57,763 - pyswarms.single.global_best - INFO - Optimize for 10 iters with {'c1': 1, 'c2': 1, 'w': 0.5}
2024-05-17 21:28:44,605 - pyswarms.single.global_best - INFO - Optimize for 10 iters with {'c1': 1, 'c2': 1, 'w': 0.5}
2024-05-17 21:39:35,598 - pyswarms.single.global_best - INFO - Optimize for 10 iters with {'c1': 1, 'c2': 1, 'w': 0.5}
2024-05-17 23:29:37,319 - pyswarms.single.global_best - INFO - Optimize for 10 iters with {'c1': 1, 'c2': 1, 'w': 0.5}
2024-05-20 03:41:11,531 - pyswarms.single.global_best - INFO - Optimize for 10 iters with {'c1': 1, 'c2': 1, 'w': 0.5}
2024-05-20 19:57:21,785 - pyswarms.single.global_best - INFO - Optimize for 150 iters with {'c1': 1, 'c2': 1, 'w': 0.5}
2024-05-20 21:02:39,950 - pyswarms.single.global_best - INFO - Optimization finished | best cost: -2317604.0, best pos: [1.08044489 1.03098344 1.19559171 1.11721831 1.13434303 0.83746099
 0.92154984 0.7086948  0.80715095 0.85261815 0.89981246 0.93819082
 1.07048067 1.05896635 1.06561179 0.87546757 0.76130145 1.01125526]
2024-05-29 22:15:28,380 - pyswarms.single.global_best - INFO - Optimize for 150 iters with {'c1': 1, 'c2': 1, 'w': 0.5}
2024-05-29 22:26:36,726 - pyswarms.single.global_best - INFO - Optimize for 150 iters with {'c1': 1, 'c2': 1, 'w': 0.5}
2024-05-29 23:43:19,564 - pyswarms.single.global_best - INFO - Optimization finished | best cost: -5961646.0, best pos: [1.03672698 0.89640141 1.17136712 1.19335874 0.88618639 0.80017263
 1.1737104  0.71586301 0.84049355 0.94579636 0.96225598 0.91443213
 0.99136134 0.87916215 0.92745014 0.95873283 0.75506082 1.05479249]
2024-05-30 04:38:26,741 - pyswarms.single.global_best - INFO - Optimize for 150 iters with {'c1': 0.20255337412386598, 'c2': 0.034812002156869526, 'w': 0.8707709059066462}
2024-05-30 05:57:32,281 - pyswarms.single.global_best - INFO - Optimization finished | best cost: -5957742.0, best pos: [1.07698369 1.08610246 1.19367909 1.07993242 0.96433407 0.8053731
 1.16636109 0.71793431 0.8265068  1.01871027 1.12702708 1.09302403
 1.04051969 1.16309167 0.91913056 1.0815994  0.7456376  0.99701351]
2024-05-31 15:18:00,707 - matplotlib.category - INFO - Using categorical units to plot a list of strings that are all parsable as floats or dates. If these strings should be plotted as numbers, cast to the appropriate data type before plotting.
2024-05-31 15:18:00,729 - matplotlib.category - INFO - Using categorical units to plot a list of strings that are all parsable as floats or dates. If these strings should be plotted as numbers, cast to the appropriate data type before plotting.
2024-05-31 15:18:01,079 - matplotlib.category - INFO - Using categorical units to plot a list of strings that are all parsable as floats or dates. If these strings should be plotted as numbers, cast to the appropriate data type before plotting.
2024-05-31 15:18:01,415 - matplotlib.category - INFO - Using categorical units to plot a list of strings that are all parsable as floats or dates. If these strings should be plotted as numbers, cast to the appropriate data type before plotting.
2024-05-31 15:18:01,418 - matplotlib.category - INFO - Using categorical units to plot a list of strings that are all parsable as floats or dates. If these strings should be plotted as numbers, cast to the appropriate data type before plotting.
2024-05-31 15:18:01,421 - matplotlib.category - INFO - Using categorical units to plot a list of strings that are all parsable as floats or dates. If these strings should be plotted as numbers, cast to the appropriate data type before plotting.
2024-05-31 15:18:01,423 - matplotlib.category - INFO - Using categorical units to plot a list of strings that are all parsable as floats or dates. If these strings should be plotted as numbers, cast to the appropriate data type before plotting.
2024-05-31 15:19:59,516 - matplotlib.category - INFO - Using categorical units to plot a list of strings that are all parsable as floats or dates. If these strings should be plotted as numbers, cast to the appropriate data type before plotting.
2024-05-31 15:19:59,518 - matplotlib.category - INFO - Using categorical units to plot a list of strings that are all parsable as floats or dates. If these strings should be plotted as numbers, cast to the appropriate data type before plotting.
2024-05-31 15:19:59,829 - matplotlib.category - INFO - Using categorical units to plot a list of strings that are all parsable as floats or dates. If these strings should be plotted as numbers, cast to the appropriate data type before plotting.
2024-05-31 15:20:00,413 - matplotlib.category - INFO - Using categorical units to plot a list of strings that are all parsable as floats or dates. If these strings should be plotted as numbers, cast to the appropriate data type before plotting.
2024-05-31 15:20:00,415 - matplotlib.category - INFO - Using categorical units to plot a list of strings that are all parsable as floats or dates. If these strings should be plotted as numbers, cast to the appropriate data type before plotting.
2024-05-31 15:20:00,418 - matplotlib.category - INFO - Using categorical units to plot a list of strings that are all parsable as floats or dates. If these strings should be plotted as numbers, cast to the appropriate data type before plotting.
2024-05-31 15:20:00,420 - matplotlib.category - INFO - Using categorical units to plot a list of strings that are all parsable as floats or dates. If these strings should be plotted as numbers, cast to the appropriate data type before plotting.
2024-05-31 19:16:10,860 - matplotlib.category - INFO - Using categorical units to plot a list of strings that are all parsable as floats or dates. If these strings should be plotted as numbers, cast to the appropriate data type before plotting.
2024-05-31 19:16:10,863 - matplotlib.category - INFO - Using categorical units to plot a list of strings that are all parsable as floats or dates. If these strings should be plotted as numbers, cast to the appropriate data type before plotting.
2024-05-31 19:16:11,177 - matplotlib.category - INFO - Using categorical units to plot a list of strings that are all parsable as floats or dates. If these strings should be plotted as numbers, cast to the appropriate data type before plotting.
2024-05-31 19:16:11,500 - matplotlib.category - INFO - Using categorical units to plot a list of strings that are all parsable as floats or dates. If these strings should be plotted as numbers, cast to the appropriate data type before plotting.
2024-05-31 19:16:11,503 - matplotlib.category - INFO - Using categorical units to plot a list of strings that are all parsable as floats or dates. If these strings should be plotted as numbers, cast to the appropriate data type before plotting.
2024-05-31 19:16:11,505 - matplotlib.category - INFO - Using categorical units to plot a list of strings that are all parsable as floats or dates. If these strings should be plotted as numbers, cast to the appropriate data type before plotting.
2024-05-31 19:16:11,507 - matplotlib.category - INFO - Using categorical units to plot a list of strings that are all parsable as floats or dates. If these strings should be plotted as numbers, cast to the appropriate data type before plotting.
2024-05-31 19:18:21,499 - matplotlib.category - INFO - Using categorical units to plot a list of strings that are all parsable as floats or dates. If these strings should be plotted as numbers, cast to the appropriate data type before plotting.
2024-05-31 19:18:21,503 - matplotlib.category - INFO - Using categorical units to plot a list of strings that are all parsable as floats or dates. If these strings should be plotted as numbers, cast to the appropriate data type before plotting.
2024-05-31 19:18:21,663 - matplotlib.category - INFO - Using categorical units to plot a list of strings that are all parsable as floats or dates. If these strings should be plotted as numbers, cast to the appropriate data type before plotting.
2024-05-31 19:18:21,840 - matplotlib.category - INFO - Using categorical units to plot a list of strings that are all parsable as floats or dates. If these strings should be plotted as numbers, cast to the appropriate data type before plotting.
2024-05-31 19:18:21,843 - matplotlib.category - INFO - Using categorical units to plot a list of strings that are all parsable as floats or dates. If these strings should be plotted as numbers, cast to the appropriate data type before plotting.
2024-05-31 19:18:21,846 - matplotlib.category - INFO - Using categorical units to plot a list of strings that are all parsable as floats or dates. If these strings should be plotted as numbers, cast to the appropriate data type before plotting.
2024-05-31 19:18:21,849 - matplotlib.category - INFO - Using categorical units to plot a list of strings that are all parsable as floats or dates. If these strings should be plotted as numbers, cast to the appropriate data type before plotting.
2024-05-31 19:19:23,821 - matplotlib.category - INFO - Using categorical units to plot a list of strings that are all parsable as floats or dates. If these strings should be plotted as numbers, cast to the appropriate data type before plotting.
2024-05-31 19:19:23,824 - matplotlib.category - INFO - Using categorical units to plot a list of strings that are all parsable as floats or dates. If these strings should be plotted as numbers, cast to the appropriate data type before plotting.
2024-05-31 19:19:23,992 - matplotlib.category - INFO - Using categorical units to plot a list of strings that are all parsable as floats or dates. If these strings should be plotted as numbers, cast to the appropriate data type before plotting.
2024-05-31 19:19:24,173 - matplotlib.category - INFO - Using categorical units to plot a list of strings that are all parsable as floats or dates. If these strings should be plotted as numbers, cast to the appropriate data type before plotting.
2024-05-31 19:19:24,176 - matplotlib.category - INFO - Using categorical units to plot a list of strings that are all parsable as floats or dates. If these strings should be plotted as numbers, cast to the appropriate data type before plotting.
2024-05-31 19:19:24,179 - matplotlib.category - INFO - Using categorical units to plot a list of strings that are all parsable as floats or dates. If these strings should be plotted as numbers, cast to the appropriate data type before plotting.
2024-05-31 19:19:24,182 - matplotlib.category - INFO - Using categorical units to plot a list of strings that are all parsable as floats or dates. If these strings should be plotted as numbers, cast to the appropriate data type before plotting.
2024-05-31 19:21:20,988 - matplotlib.category - INFO - Using categorical units to plot a list of strings that are all parsable as floats or dates. If these strings should be plotted as numbers, cast to the appropriate data type before plotting.
2024-05-31 19:21:21,005 - matplotlib.category - INFO - Using categorical units to plot a list of strings that are all parsable as floats or dates. If these strings should be plotted as numbers, cast to the appropriate data type before plotting.
2024-05-31 19:21:21,249 - matplotlib.category - INFO - Using categorical units to plot a list of strings that are all parsable as floats or dates. If these strings should be plotted as numbers, cast to the appropriate data type before plotting.
2024-05-31 19:21:21,256 - matplotlib.category - INFO - Using categorical units to plot a list of strings that are all parsable as floats or dates. If these strings should be plotted as numbers, cast to the appropriate data type before plotting.
2024-05-31 19:22:37,427 - matplotlib.category - INFO - Using categorical units to plot a list of strings that are all parsable as floats or dates. If these strings should be plotted as numbers, cast to the appropriate data type before plotting.
2024-05-31 19:22:37,445 - matplotlib.category - INFO - Using categorical units to plot a list of strings that are all parsable as floats or dates. If these strings should be plotted as numbers, cast to the appropriate data type before plotting.
2024-05-31 19:22:37,620 - matplotlib.category - INFO - Using categorical units to plot a list of strings that are all parsable as floats or dates. If these strings should be plotted as numbers, cast to the appropriate data type before plotting.
2024-05-31 19:22:37,626 - matplotlib.category - INFO - Using categorical units to plot a list of strings that are all parsable as floats or dates. If these strings should be plotted as numbers, cast to the appropriate data type before plotting.
2024-05-31 19:23:51,988 - matplotlib.category - INFO - Using categorical units to plot a list of strings that are all parsable as floats or dates. If these strings should be plotted as numbers, cast to the appropriate data type before plotting.
2024-05-31 19:23:52,003 - matplotlib.category - INFO - Using categorical units to plot a list of strings that are all parsable as floats or dates. If these strings should be plotted as numbers, cast to the appropriate data type before plotting.
2024-05-31 19:23:52,184 - matplotlib.category - INFO - Using categorical units to plot a list of strings that are all parsable as floats or dates. If these strings should be plotted as numbers, cast to the appropriate data type before plotting.
2024-05-31 19:23:52,190 - matplotlib.category - INFO - Using categorical units to plot a list of strings that are all parsable as floats or dates. If these strings should be plotted as numbers, cast to the appropriate data type before plotting.
2024-05-31 19:23:53,158 - matplotlib.category - INFO - Using categorical units to plot a list of strings that are all parsable as floats or dates. If these strings should be plotted as numbers, cast to the appropriate data type before plotting.
2024-05-31 19:23:53,177 - matplotlib.category - INFO - Using categorical units to plot a list of strings that are all parsable as floats or dates. If these strings should be plotted as numbers, cast to the appropriate data type before plotting.
2024-05-31 19:23:53,353 - matplotlib.category - INFO - Using categorical units to plot a list of strings that are all parsable as floats or dates. If these strings should be plotted as numbers, cast to the appropriate data type before plotting.
2024-05-31 19:23:53,361 - matplotlib.category - INFO - Using categorical units to plot a list of strings that are all parsable as floats or dates. If these strings should be plotted as numbers, cast to the appropriate data type before plotting.
2024-05-31 19:31:53,076 - matplotlib.category - INFO - Using categorical units to plot a list of strings that are all parsable as floats or dates. If these strings should be plotted as numbers, cast to the appropriate data type before plotting.
2024-05-31 19:31:53,093 - matplotlib.category - INFO - Using categorical units to plot a list of strings that are all parsable as floats or dates. If these strings should be plotted as numbers, cast to the appropriate data type before plotting.
2024-05-31 19:32:09,871 - matplotlib.category - INFO - Using categorical units to plot a list of strings that are all parsable as floats or dates. If these strings should be plotted as numbers, cast to the appropriate data type before plotting.
2024-05-31 19:32:09,888 - matplotlib.category - INFO - Using categorical units to plot a list of strings that are all parsable as floats or dates. If these strings should be plotted as numbers, cast to the appropriate data type before plotting.
2024-05-31 19:32:52,554 - matplotlib.category - INFO - Using categorical units to plot a list of strings that are all parsable as floats or dates. If these strings should be plotted as numbers, cast to the appropriate data type before plotting.
2024-05-31 19:32:52,840 - matplotlib.category - INFO - Using categorical units to plot a list of strings that are all parsable as floats or dates. If these strings should be plotted as numbers, cast to the appropriate data type before plotting.
2024-05-31 19:33:07,545 - matplotlib.category - INFO - Using categorical units to plot a list of strings that are all parsable as floats or dates. If these strings should be plotted as numbers, cast to the appropriate data type before plotting.
2024-05-31 19:33:07,560 - matplotlib.category - INFO - Using categorical units to plot a list of strings that are all parsable as floats or dates. If these strings should be plotted as numbers, cast to the appropriate data type before plotting.
2024-05-31 20:06:09,170 - matplotlib.category - INFO - Using categorical units to plot a list of strings that are all parsable as floats or dates. If these strings should be plotted as numbers, cast to the appropriate data type before plotting.
2024-05-31 20:06:09,187 - matplotlib.category - INFO - Using categorical units to plot a list of strings that are all parsable as floats or dates. If these strings should be plotted as numbers, cast to the appropriate data type before plotting.
2024-05-31 20:06:09,369 - matplotlib.category - INFO - Using categorical units to plot a list of strings that are all parsable as floats or dates. If these strings should be plotted as numbers, cast to the appropriate data type before plotting.
2024-05-31 20:06:09,376 - matplotlib.category - INFO - Using categorical units to plot a list of strings that are all parsable as floats or dates. If these strings should be plotted as numbers, cast to the appropriate data type before plotting.
2024-05-31 20:08:54,246 - matplotlib.category - INFO - Using categorical units to plot a list of strings that are all parsable as floats or dates. If these strings should be plotted as numbers, cast to the appropriate data type before plotting.
2024-05-31 20:08:54,263 - matplotlib.category - INFO - Using categorical units to plot a list of strings that are all parsable as floats or dates. If these strings should be plotted as numbers, cast to the appropriate data type before plotting.
2024-05-31 20:08:54,303 - matplotlib.category - INFO - Using categorical units to plot a list of strings that are all parsable as floats or dates. If these strings should be plotted as numbers, cast to the appropriate data type before plotting.
2024-05-31 20:08:54,310 - matplotlib.category - INFO - Using categorical units to plot a list of strings that are all parsable as floats or dates. If these strings should be plotted as numbers, cast to the appropriate data type before plotting.
2024-05-31 20:09:58,056 - matplotlib.category - INFO - Using categorical units to plot a list of strings that are all parsable as floats or dates. If these strings should be plotted as numbers, cast to the appropriate data type before plotting.
2024-05-31 20:09:58,073 - matplotlib.category - INFO - Using categorical units to plot a list of strings that are all parsable as floats or dates. If these strings should be plotted as numbers, cast to the appropriate data type before plotting.
2024-05-31 20:09:58,137 - matplotlib.category - INFO - Using categorical units to plot a list of strings that are all parsable as floats or dates. If these strings should be plotted as numbers, cast to the appropriate data type before plotting.
2024-05-31 20:09:58,144 - matplotlib.category - INFO - Using categorical units to plot a list of strings that are all parsable as floats or dates. If these strings should be plotted as numbers, cast to the appropriate data type before plotting.
2024-06-04 17:35:44,162 - matplotlib.category - INFO - Using categorical units to plot a list of strings that are all parsable as floats or dates. If these strings should be plotted as numbers, cast to the appropriate data type before plotting.
2024-06-04 17:35:44,227 - matplotlib.category - INFO - Using categorical units to plot a list of strings that are all parsable as floats or dates. If these strings should be plotted as numbers, cast to the appropriate data type before plotting.
2024-06-04 17:35:44,314 - matplotlib.category - INFO - Using categorical units to plot a list of strings that are all parsable as floats or dates. If these strings should be plotted as numbers, cast to the appropriate data type before plotting.
2024-06-04 17:35:44,321 - matplotlib.category - INFO - Using categorical units to plot a list of strings that are all parsable as floats or dates. If these strings should be plotted as numbers, cast to the appropriate data type before plotting.
2024-06-04 17:35:44,985 - matplotlib.category - INFO - Using categorical units to plot a list of strings that are all parsable as floats or dates. If these strings should be plotted as numbers, cast to the appropriate data type before plotting.
2024-06-04 17:35:45,005 - matplotlib.category - INFO - Using categorical units to plot a list of strings that are all parsable as floats or dates. If these strings should be plotted as numbers, cast to the appropriate data type before plotting.
2024-06-04 17:35:45,053 - matplotlib.category - INFO - Using categorical units to plot a list of strings that are all parsable as floats or dates. If these strings should be plotted as numbers, cast to the appropriate data type before plotting.
2024-06-04 17:35:45,063 - matplotlib.category - INFO - Using categorical units to plot a list of strings that are all parsable as floats or dates. If these strings should be plotted as numbers, cast to the appropriate data type before plotting.
2024-06-06 17:17:19,896 - matplotlib.category - INFO - Using categorical units to plot a list of strings that are all parsable as floats or dates. If these strings should be plotted as numbers, cast to the appropriate data type before plotting.
2024-06-06 17:17:19,947 - matplotlib.category - INFO - Using categorical units to plot a list of strings that are all parsable as floats or dates. If these strings should be plotted as numbers, cast to the appropriate data type before plotting.
2024-06-06 17:17:20,081 - matplotlib.category - INFO - Using categorical units to plot a list of strings that are all parsable as floats or dates. If these strings should be plotted as numbers, cast to the appropriate data type before plotting.
2024-06-06 17:17:20,088 - matplotlib.category - INFO - Using categorical units to plot a list of strings that are all parsable as floats or dates. If these strings should be plotted as numbers, cast to the appropriate data type before plotting.
2024-06-06 17:17:20,839 - matplotlib.category - INFO - Using categorical units to plot a list of strings that are all parsable as floats or dates. If these strings should be plotted as numbers, cast to the appropriate data type before plotting.
2024-06-06 17:17:20,853 - matplotlib.category - INFO - Using categorical units to plot a list of strings that are all parsable as floats or dates. If these strings should be plotted as numbers, cast to the appropriate data type before plotting.
2024-06-06 17:17:20,898 - matplotlib.category - INFO - Using categorical units to plot a list of strings that are all parsable as floats or dates. If these strings should be plotted as numbers, cast to the appropriate data type before plotting.
2024-06-06 17:17:20,908 - matplotlib.category - INFO - Using categorical units to plot a list of strings that are all parsable as floats or dates. If these strings should be plotted as numbers, cast to the appropriate data type before plotting.
2024-06-06 17:35:08,520 - matplotlib.category - INFO - Using categorical units to plot a list of strings that are all parsable as floats or dates. If these strings should be plotted as numbers, cast to the appropriate data type before plotting.
2024-06-06 17:35:08,535 - matplotlib.category - INFO - Using categorical units to plot a list of strings that are all parsable as floats or dates. If these strings should be plotted as numbers, cast to the appropriate data type before plotting.
2024-06-06 17:35:08,575 - matplotlib.category - INFO - Using categorical units to plot a list of strings that are all parsable as floats or dates. If these strings should be plotted as numbers, cast to the appropriate data type before plotting.
2024-06-06 17:35:08,582 - matplotlib.category - INFO - Using categorical units to plot a list of strings that are all parsable as floats or dates. If these strings should be plotted as numbers, cast to the appropriate data type before plotting.
2024-06-06 17:35:29,274 - matplotlib.category - INFO - Using categorical units to plot a list of strings that are all parsable as floats or dates. If these strings should be plotted as numbers, cast to the appropriate data type before plotting.
2024-06-06 17:35:29,290 - matplotlib.category - INFO - Using categorical units to plot a list of strings that are all parsable as floats or dates. If these strings should be plotted as numbers, cast to the appropriate data type before plotting.
2024-06-06 17:35:29,324 - matplotlib.category - INFO - Using categorical units to plot a list of strings that are all parsable as floats or dates. If these strings should be plotted as numbers, cast to the appropriate data type before plotting.
2024-06-06 17:35:29,329 - matplotlib.category - INFO - Using categorical units to plot a list of strings that are all parsable as floats or dates. If these strings should be plotted as numbers, cast to the appropriate data type before plotting.
2024-06-06 17:36:46,156 - matplotlib.category - INFO - Using categorical units to plot a list of strings that are all parsable as floats or dates. If these strings should be plotted as numbers, cast to the appropriate data type before plotting.
2024-06-06 17:36:46,169 - matplotlib.category - INFO - Using categorical units to plot a list of strings that are all parsable as floats or dates. If these strings should be plotted as numbers, cast to the appropriate data type before plotting.
2024-06-06 17:36:46,218 - matplotlib.category - INFO - Using categorical units to plot a list of strings that are all parsable as floats or dates. If these strings should be plotted as numbers, cast to the appropriate data type before plotting.
2024-06-06 17:36:46,241 - matplotlib.category - INFO - Using categorical units to plot a list of strings that are all parsable as floats or dates. If these strings should be plotted as numbers, cast to the appropriate data type before plotting.
2024-06-06 17:37:15,287 - matplotlib.category - INFO - Using categorical units to plot a list of strings that are all parsable as floats or dates. If these strings should be plotted as numbers, cast to the appropriate data type before plotting.
2024-06-06 17:37:15,301 - matplotlib.category - INFO - Using categorical units to plot a list of strings that are all parsable as floats or dates. If these strings should be plotted as numbers, cast to the appropriate data type before plotting.
2024-06-06 17:37:15,333 - matplotlib.category - INFO - Using categorical units to plot a list of strings that are all parsable as floats or dates. If these strings should be plotted as numbers, cast to the appropriate data type before plotting.
2024-06-06 17:37:15,340 - matplotlib.category - INFO - Using categorical units to plot a list of strings that are all parsable as floats or dates. If these strings should be plotted as numbers, cast to the appropriate data type before plotting.
2024-06-06 17:37:43,343 - matplotlib.category - INFO - Using categorical units to plot a list of strings that are all parsable as floats or dates. If these strings should be plotted as numbers, cast to the appropriate data type before plotting.
2024-06-06 17:37:43,357 - matplotlib.category - INFO - Using categorical units to plot a list of strings that are all parsable as floats or dates. If these strings should be plotted as numbers, cast to the appropriate data type before plotting.
2024-06-06 17:37:43,409 - matplotlib.category - INFO - Using categorical units to plot a list of strings that are all parsable as floats or dates. If these strings should be plotted as numbers, cast to the appropriate data type before plotting.
2024-06-06 17:37:43,416 - matplotlib.category - INFO - Using categorical units to plot a list of strings that are all parsable as floats or dates. If these strings should be plotted as numbers, cast to the appropriate data type before plotting.
2024-06-06 17:38:27,653 - matplotlib.category - INFO - Using categorical units to plot a list of strings that are all parsable as floats or dates. If these strings should be plotted as numbers, cast to the appropriate data type before plotting.
2024-06-06 17:38:27,665 - matplotlib.category - INFO - Using categorical units to plot a list of strings that are all parsable as floats or dates. If these strings should be plotted as numbers, cast to the appropriate data type before plotting.
2024-06-06 17:38:27,699 - matplotlib.category - INFO - Using categorical units to plot a list of strings that are all parsable as floats or dates. If these strings should be plotted as numbers, cast to the appropriate data type before plotting.
2024-06-06 17:38:27,704 - matplotlib.category - INFO - Using categorical units to plot a list of strings that are all parsable as floats or dates. If these strings should be plotted as numbers, cast to the appropriate data type before plotting.
2024-06-06 17:39:12,197 - matplotlib.category - INFO - Using categorical units to plot a list of strings that are all parsable as floats or dates. If these strings should be plotted as numbers, cast to the appropriate data type before plotting.
2024-06-06 17:39:12,212 - matplotlib.category - INFO - Using categorical units to plot a list of strings that are all parsable as floats or dates. If these strings should be plotted as numbers, cast to the appropriate data type before plotting.
2024-06-06 17:39:23,381 - matplotlib.category - INFO - Using categorical units to plot a list of strings that are all parsable as floats or dates. If these strings should be plotted as numbers, cast to the appropriate data type before plotting.
2024-06-06 17:39:23,394 - matplotlib.category - INFO - Using categorical units to plot a list of strings that are all parsable as floats or dates. If these strings should be plotted as numbers, cast to the appropriate data type before plotting.
2024-06-06 17:39:23,427 - matplotlib.category - INFO - Using categorical units to plot a list of strings that are all parsable as floats or dates. If these strings should be plotted as numbers, cast to the appropriate data type before plotting.
2024-06-06 17:39:23,432 - matplotlib.category - INFO - Using categorical units to plot a list of strings that are all parsable as floats or dates. If these strings should be plotted as numbers, cast to the appropriate data type before plotting.
